{"/Users/simonhoyos/Documents/makeitreal/top/top-v7/testing/tasks/frontend/src/App.js": {"path":"/Users/simonhoyos/Documents/makeitreal/top/top-v7/testing/tasks/frontend/src/App.js","statementMap":{"0":{"start":{"line":16,"column":16},"end":{"line":16,"column":45}},"1":{"start":{"line":18,"column":2},"end":{"line":18,"column":45}},"2":{"start":{"line":18,"column":13},"end":{"line":18,"column":45}},"3":{"start":{"line":19,"column":2},"end":{"line":21,"column":4}},"4":{"start":{"line":25,"column":2},"end":{"line":46,"column":4}}},"fnMap":{"0":{"name":"PrivateRoute","decl":{"start":{"line":15,"column":9},"end":{"line":15,"column":21}},"loc":{"start":{"line":15,"column":29},"end":{"line":22,"column":1}},"line":15},"1":{"name":"App","decl":{"start":{"line":24,"column":9},"end":{"line":24,"column":12}},"loc":{"start":{"line":24,"column":15},"end":{"line":47,"column":1}},"line":24}},"branchMap":{"0":{"loc":{"start":{"line":18,"column":2},"end":{"line":18,"column":45}},"type":"if","locations":[{"start":{"line":18,"column":2},"end":{"line":18,"column":45}},{"start":{"line":18,"column":2},"end":{"line":18,"column":45}}],"line":18}},"s":{"0":0,"1":0,"2":0,"3":0,"4":0},"f":{"0":0,"1":0},"b":{"0":[0,0]},"hash":"83a57684f89056277a5a21bdb8a3fbfda0fa4ec5"}
,"/Users/simonhoyos/Documents/makeitreal/top/top-v7/testing/tasks/frontend/src/index.js": {"path":"/Users/simonhoyos/Documents/makeitreal/top/top-v7/testing/tasks/frontend/src/index.js","statementMap":{"0":{"start":{"line":7,"column":0},"end":{"line":14,"column":2}}},"fnMap":{},"branchMap":{},"s":{"0":0},"f":{},"b":{},"hash":"d917de0e94fec2b3e151268494f6bbcc1c4ef2ba"}
,"/Users/simonhoyos/Documents/makeitreal/top/top-v7/testing/tasks/frontend/src/components/NavBar.js": {"path":"/Users/simonhoyos/Documents/makeitreal/top/top-v7/testing/tasks/frontend/src/components/NavBar.js","statementMap":{"0":{"start":{"line":5,"column":16},"end":{"line":5,"column":45}},"1":{"start":{"line":7,"column":2},"end":{"line":31,"column":3}}},"fnMap":{"0":{"name":"NavBar","decl":{"start":{"line":4,"column":16},"end":{"line":4,"column":22}},"loc":{"start":{"line":4,"column":25},"end":{"line":32,"column":1}},"line":4}},"branchMap":{"0":{"loc":{"start":{"line":10,"column":9},"end":{"line":28,"column":9}},"type":"cond-expr","locations":[{"start":{"line":11,"column":10},"end":{"line":18,"column":13}},{"start":{"line":20,"column":10},"end":{"line":27,"column":13}}],"line":10}},"s":{"0":0,"1":0},"f":{"0":0},"b":{"0":[0,0]},"hash":"a63d113dfe593322c4b18b49d430012588af1275"}
,"/Users/simonhoyos/Documents/makeitreal/top/top-v7/testing/tasks/frontend/src/components/Task.js": {"path":"/Users/simonhoyos/Documents/makeitreal/top/top-v7/testing/tasks/frontend/src/components/Task.js","statementMap":{"0":{"start":{"line":13,"column":4},"end":{"line":13,"column":21}},"1":{"start":{"line":17,"column":4},"end":{"line":17,"column":19}},"2":{"start":{"line":20,"column":2},"end":{"line":39,"column":4}},"3":{"start":{"line":42,"column":27},"end":{"line":45,"column":1}}},"fnMap":{"0":{"name":"Task","decl":{"start":{"line":5,"column":9},"end":{"line":5,"column":13}},"loc":{"start":{"line":11,"column":3},"end":{"line":40,"column":1}},"line":11},"1":{"name":"handleComplete","decl":{"start":{"line":12,"column":11},"end":{"line":12,"column":25}},"loc":{"start":{"line":12,"column":28},"end":{"line":14,"column":3}},"line":12},"2":{"name":"handleDelete","decl":{"start":{"line":16,"column":11},"end":{"line":16,"column":23}},"loc":{"start":{"line":16,"column":26},"end":{"line":18,"column":3}},"line":16}},"branchMap":{"0":{"loc":{"start":{"line":23,"column":36},"end":{"line":23,"column":70}},"type":"cond-expr","locations":[{"start":{"line":23,"column":43},"end":{"line":23,"column":54}},{"start":{"line":23,"column":57},"end":{"line":23,"column":70}}],"line":23},"1":{"loc":{"start":{"line":29,"column":17},"end":{"line":29,"column":51}},"type":"cond-expr","locations":[{"start":{"line":29,"column":24},"end":{"line":29,"column":37}},{"start":{"line":29,"column":40},"end":{"line":29,"column":51}}],"line":29}},"s":{"0":0,"1":0,"2":0,"3":1},"f":{"0":0,"1":0,"2":0},"b":{"0":[0,0],"1":[0,0]},"_coverageSchema":"43e27e138ebf9cfc5966b082cf9a028302ed4184","hash":"ef535f2468a24242c51c9b5ebcfe39a33bb20b5b"}
,"/Users/simonhoyos/Documents/makeitreal/top/top-v7/testing/tasks/frontend/src/components/TaskForm.js": {"path":"/Users/simonhoyos/Documents/makeitreal/top/top-v7/testing/tasks/frontend/src/components/TaskForm.js","statementMap":{"0":{"start":{"line":4,"column":2},"end":{"line":16,"column":3}}},"fnMap":{"0":{"name":"TaskForm","decl":{"start":{"line":3,"column":16},"end":{"line":3,"column":24}},"loc":{"start":{"line":3,"column":63},"end":{"line":17,"column":1}},"line":3}},"branchMap":{},"s":{"0":0},"f":{"0":0},"b":{},"hash":"6cb8e4361a60f35144e5e307d9a9aca5f8d56f02"}
,"/Users/simonhoyos/Documents/makeitreal/top/top-v7/testing/tasks/frontend/src/components/Tasks.js": {"path":"/Users/simonhoyos/Documents/makeitreal/top/top-v7/testing/tasks/frontend/src/components/Tasks.js","statementMap":{"0":{"start":{"line":8,"column":2},"end":{"line":10,"column":17}},"1":{"start":{"line":9,"column":4},"end":{"line":9,"column":15}},"2":{"start":{"line":12,"column":2},"end":{"line":27,"column":3}},"3":{"start":{"line":19,"column":8},"end":{"line":24,"column":10}},"4":{"start":{"line":31,"column":2},"end":{"line":31,"column":19}},"5":{"start":{"line":34,"column":27},"end":{"line":36,"column":1}}},"fnMap":{"0":{"name":"Tasks","decl":{"start":{"line":7,"column":9},"end":{"line":7,"column":14}},"loc":{"start":{"line":7,"column":36},"end":{"line":28,"column":1}},"line":7},"1":{"name":"(anonymous_1)","decl":{"start":{"line":8,"column":12},"end":{"line":8,"column":13}},"loc":{"start":{"line":8,"column":18},"end":{"line":10,"column":3}},"line":8},"2":{"name":"(anonymous_2)","decl":{"start":{"line":18,"column":46},"end":{"line":18,"column":47}},"loc":{"start":{"line":19,"column":8},"end":{"line":24,"column":10}},"line":19},"3":{"name":"mapStateToProps","decl":{"start":{"line":30,"column":9},"end":{"line":30,"column":24}},"loc":{"start":{"line":30,"column":54},"end":{"line":32,"column":1}},"line":30}},"branchMap":{"0":{"loc":{"start":{"line":15,"column":7},"end":{"line":17,"column":7}},"type":"binary-expr","locations":[{"start":{"line":15,"column":8},"end":{"line":15,"column":14}},{"start":{"line":15,"column":18},"end":{"line":15,"column":35}},{"start":{"line":16,"column":8},"end":{"line":16,"column":78}}],"line":15},"1":{"loc":{"start":{"line":18,"column":7},"end":{"line":25,"column":8}},"type":"binary-expr","locations":[{"start":{"line":18,"column":7},"end":{"line":18,"column":12}},{"start":{"line":18,"column":16},"end":{"line":18,"column":32}},{"start":{"line":18,"column":36},"end":{"line":25,"column":8}}],"line":18}},"s":{"0":1,"1":1,"2":1,"3":0,"4":1,"5":1},"f":{"0":1,"1":1,"2":0,"3":1},"b":{"0":[1,1,1],"1":[1,1,0]},"_coverageSchema":"43e27e138ebf9cfc5966b082cf9a028302ed4184","hash":"c00357a9e7bf18b8a135002742072d976fca8fa4"}
,"/Users/simonhoyos/Documents/makeitreal/top/top-v7/testing/tasks/frontend/src/components/UserForm.js": {"path":"/Users/simonhoyos/Documents/makeitreal/top/top-v7/testing/tasks/frontend/src/components/UserForm.js","statementMap":{"0":{"start":{"line":4,"column":2},"end":{"line":24,"column":3}}},"fnMap":{"0":{"name":"UserForm","decl":{"start":{"line":3,"column":16},"end":{"line":3,"column":24}},"loc":{"start":{"line":3,"column":74},"end":{"line":25,"column":1}},"line":3}},"branchMap":{},"s":{"0":0},"f":{"0":0},"b":{},"hash":"28983b7c581bcc2f7ef392e7392e2fb263ee8752"}
,"/Users/simonhoyos/Documents/makeitreal/top/top-v7/testing/tasks/frontend/src/pages/Create.js": {"path":"/Users/simonhoyos/Documents/makeitreal/top/top-v7/testing/tasks/frontend/src/pages/Create.js","statementMap":{"0":{"start":{"line":13,"column":4},"end":{"line":13,"column":23}},"1":{"start":{"line":14,"column":4},"end":{"line":14,"column":25}},"2":{"start":{"line":17,"column":2},"end":{"line":26,"column":3}},"3":{"start":{"line":30,"column":2},"end":{"line":33,"column":4}},"4":{"start":{"line":36,"column":27},"end":{"line":39,"column":1}}},"fnMap":{"0":{"name":"Create","decl":{"start":{"line":6,"column":9},"end":{"line":6,"column":15}},"loc":{"start":{"line":11,"column":3},"end":{"line":27,"column":1}},"line":11},"1":{"name":"handleSubmit","decl":{"start":{"line":12,"column":11},"end":{"line":12,"column":23}},"loc":{"start":{"line":12,"column":27},"end":{"line":15,"column":3}},"line":12},"2":{"name":"mapStateToProps","decl":{"start":{"line":29,"column":9},"end":{"line":29,"column":24}},"loc":{"start":{"line":29,"column":61},"end":{"line":34,"column":1}},"line":29}},"branchMap":{"0":{"loc":{"start":{"line":24,"column":7},"end":{"line":24,"column":62}},"type":"binary-expr","locations":[{"start":{"line":24,"column":7},"end":{"line":24,"column":14}},{"start":{"line":24,"column":18},"end":{"line":24,"column":62}}],"line":24}},"s":{"0":0,"1":0,"2":0,"3":0,"4":0},"f":{"0":0,"1":0,"2":0},"b":{"0":[0,0]},"hash":"4107ccf3777b8f42d8c4b9e7454cb91c29e9a65c"}
,"/Users/simonhoyos/Documents/makeitreal/top/top-v7/testing/tasks/frontend/src/pages/Home.js": {"path":"/Users/simonhoyos/Documents/makeitreal/top/top-v7/testing/tasks/frontend/src/pages/Home.js","statementMap":{"0":{"start":{"line":5,"column":2},"end":{"line":7,"column":4}}},"fnMap":{"0":{"name":"Home","decl":{"start":{"line":4,"column":9},"end":{"line":4,"column":13}},"loc":{"start":{"line":4,"column":16},"end":{"line":8,"column":1}},"line":4}},"branchMap":{},"s":{"0":1},"f":{"0":1},"b":{},"_coverageSchema":"43e27e138ebf9cfc5966b082cf9a028302ed4184","hash":"96d7daafcbcdf17099347ba6306687a4dbfb7316"}
,"/Users/simonhoyos/Documents/makeitreal/top/top-v7/testing/tasks/frontend/src/pages/Signin.js": {"path":"/Users/simonhoyos/Documents/makeitreal/top/top-v7/testing/tasks/frontend/src/pages/Signin.js","statementMap":{"0":{"start":{"line":9,"column":4},"end":{"line":9,"column":23}},"1":{"start":{"line":10,"column":4},"end":{"line":10,"column":32}},"2":{"start":{"line":13,"column":2},"end":{"line":23,"column":3}},"3":{"start":{"line":27,"column":2},"end":{"line":29,"column":3}},"4":{"start":{"line":32,"column":27},"end":{"line":35,"column":1}}},"fnMap":{"0":{"name":"Signin","decl":{"start":{"line":7,"column":9},"end":{"line":7,"column":15}},"loc":{"start":{"line":7,"column":59},"end":{"line":24,"column":1}},"line":7},"1":{"name":"handleSubmit","decl":{"start":{"line":8,"column":11},"end":{"line":8,"column":23}},"loc":{"start":{"line":8,"column":27},"end":{"line":11,"column":3}},"line":8},"2":{"name":"mapStateToProps","decl":{"start":{"line":26,"column":9},"end":{"line":26,"column":24}},"loc":{"start":{"line":26,"column":64},"end":{"line":30,"column":1}},"line":26}},"branchMap":{},"s":{"0":0,"1":0,"2":0,"3":0,"4":0},"f":{"0":0,"1":0,"2":0},"b":{},"hash":"7dc2680ff918cb908a2f62abd6d82ed97490dd13"}
,"/Users/simonhoyos/Documents/makeitreal/top/top-v7/testing/tasks/frontend/src/pages/Signup.js": {"path":"/Users/simonhoyos/Documents/makeitreal/top/top-v7/testing/tasks/frontend/src/pages/Signup.js","statementMap":{"0":{"start":{"line":9,"column":4},"end":{"line":9,"column":23}},"1":{"start":{"line":10,"column":4},"end":{"line":10,"column":32}},"2":{"start":{"line":13,"column":2},"end":{"line":23,"column":3}},"3":{"start":{"line":27,"column":2},"end":{"line":29,"column":3}},"4":{"start":{"line":32,"column":27},"end":{"line":35,"column":1}}},"fnMap":{"0":{"name":"Signup","decl":{"start":{"line":7,"column":9},"end":{"line":7,"column":15}},"loc":{"start":{"line":7,"column":59},"end":{"line":24,"column":1}},"line":7},"1":{"name":"handleSubmit","decl":{"start":{"line":8,"column":11},"end":{"line":8,"column":23}},"loc":{"start":{"line":8,"column":27},"end":{"line":11,"column":3}},"line":8},"2":{"name":"mapStateToProps","decl":{"start":{"line":26,"column":9},"end":{"line":26,"column":24}},"loc":{"start":{"line":26,"column":64},"end":{"line":30,"column":1}},"line":26}},"branchMap":{},"s":{"0":0,"1":0,"2":0,"3":0,"4":0},"f":{"0":0,"1":0,"2":0},"b":{},"hash":"da1af91789a45cd833b3492f3ecd0d9b5b9c97b7"}
,"/Users/simonhoyos/Documents/makeitreal/top/top-v7/testing/tasks/frontend/src/store/index.js": {"path":"/Users/simonhoyos/Documents/makeitreal/top/top-v7/testing/tasks/frontend/src/store/index.js","statementMap":{"0":{"start":{"line":6,"column":20},"end":{"line":9,"column":2}},"1":{"start":{"line":11,"column":20},"end":{"line":11,"column":42}},"2":{"start":{"line":13,"column":21},"end":{"line":13,"column":58}}},"fnMap":{},"branchMap":{},"s":{"0":0,"1":0,"2":0},"f":{},"b":{},"hash":"1a470eff2fa01ca3ccc6f62bacaa2a069dcca1ae"}
,"/Users/simonhoyos/Documents/makeitreal/top/top-v7/testing/tasks/frontend/src/store/tasksReducer.js": {"path":"/Users/simonhoyos/Documents/makeitreal/top/top-v7/testing/tasks/frontend/src/store/tasksReducer.js","statementMap":{"0":{"start":{"line":3,"column":25},"end":{"line":3,"column":36}},"1":{"start":{"line":4,"column":27},"end":{"line":4,"column":40}},"2":{"start":{"line":5,"column":29},"end":{"line":5,"column":44}},"3":{"start":{"line":6,"column":27},"end":{"line":6,"column":40}},"4":{"start":{"line":7,"column":27},"end":{"line":7,"column":40}},"5":{"start":{"line":10,"column":2},"end":{"line":26,"column":3}},"6":{"start":{"line":11,"column":18},"end":{"line":11,"column":47}},"7":{"start":{"line":13,"column":21},"end":{"line":20,"column":6}},"8":{"start":{"line":22,"column":4},"end":{"line":25,"column":7}},"9":{"start":{"line":30,"column":2},"end":{"line":47,"column":3}},"10":{"start":{"line":31,"column":18},"end":{"line":31,"column":47}},"11":{"start":{"line":32,"column":4},"end":{"line":41,"column":7}},"12":{"start":{"line":43,"column":4},"end":{"line":46,"column":7}},"13":{"start":{"line":51,"column":2},"end":{"line":66,"column":3}},"14":{"start":{"line":52,"column":18},"end":{"line":52,"column":47}},"15":{"start":{"line":53,"column":21},"end":{"line":60,"column":6}},"16":{"start":{"line":62,"column":4},"end":{"line":65,"column":7}},"17":{"start":{"line":70,"column":2},"end":{"line":85,"column":3}},"18":{"start":{"line":71,"column":18},"end":{"line":71,"column":47}},"19":{"start":{"line":72,"column":4},"end":{"line":79,"column":7}},"20":{"start":{"line":81,"column":4},"end":{"line":84,"column":7}},"21":{"start":{"line":89,"column":2},"end":{"line":94,"column":3}},"22":{"start":{"line":90,"column":4},"end":{"line":93,"column":6}},"23":{"start":{"line":97,"column":28},"end":{"line":101,"column":1}},"24":{"start":{"line":104,"column":2},"end":{"line":135,"column":3}},"25":{"start":{"line":106,"column":6},"end":{"line":109,"column":8}},"26":{"start":{"line":111,"column":6},"end":{"line":115,"column":8}},"27":{"start":{"line":117,"column":6},"end":{"line":122,"column":7}},"28":{"start":{"line":120,"column":10},"end":{"line":120,"column":58}},"29":{"start":{"line":124,"column":6},"end":{"line":127,"column":8}},"30":{"start":{"line":126,"column":47},"end":{"line":126,"column":62}},"31":{"start":{"line":129,"column":6},"end":{"line":132,"column":8}},"32":{"start":{"line":134,"column":6},"end":{"line":134,"column":19}}},"fnMap":{"0":{"name":"getTasks","decl":{"start":{"line":9,"column":16},"end":{"line":9,"column":24}},"loc":{"start":{"line":9,"column":27},"end":{"line":27,"column":1}},"line":9},"1":{"name":"(anonymous_1)","decl":{"start":{"line":10,"column":9},"end":{"line":10,"column":10}},"loc":{"start":{"line":10,"column":35},"end":{"line":26,"column":3}},"line":10},"2":{"name":"createTask","decl":{"start":{"line":29,"column":16},"end":{"line":29,"column":26}},"loc":{"start":{"line":29,"column":33},"end":{"line":48,"column":1}},"line":29},"3":{"name":"(anonymous_3)","decl":{"start":{"line":30,"column":9},"end":{"line":30,"column":10}},"loc":{"start":{"line":30,"column":35},"end":{"line":47,"column":3}},"line":30},"4":{"name":"completeTask","decl":{"start":{"line":50,"column":16},"end":{"line":50,"column":28}},"loc":{"start":{"line":50,"column":33},"end":{"line":67,"column":1}},"line":50},"5":{"name":"(anonymous_5)","decl":{"start":{"line":51,"column":9},"end":{"line":51,"column":10}},"loc":{"start":{"line":51,"column":35},"end":{"line":66,"column":3}},"line":51},"6":{"name":"deleteTask","decl":{"start":{"line":69,"column":16},"end":{"line":69,"column":26}},"loc":{"start":{"line":69,"column":31},"end":{"line":86,"column":1}},"line":69},"7":{"name":"(anonymous_7)","decl":{"start":{"line":70,"column":9},"end":{"line":70,"column":10}},"loc":{"start":{"line":70,"column":35},"end":{"line":85,"column":3}},"line":70},"8":{"name":"handleChange","decl":{"start":{"line":88,"column":16},"end":{"line":88,"column":28}},"loc":{"start":{"line":88,"column":52},"end":{"line":95,"column":1}},"line":88},"9":{"name":"(anonymous_9)","decl":{"start":{"line":89,"column":9},"end":{"line":89,"column":10}},"loc":{"start":{"line":89,"column":29},"end":{"line":94,"column":3}},"line":89},"10":{"name":"tasksReducer","decl":{"start":{"line":103,"column":16},"end":{"line":103,"column":28}},"loc":{"start":{"line":103,"column":70},"end":{"line":136,"column":1}},"line":103},"11":{"name":"(anonymous_11)","decl":{"start":{"line":119,"column":31},"end":{"line":119,"column":32}},"loc":{"start":{"line":119,"column":39},"end":{"line":121,"column":9}},"line":119},"12":{"name":"(anonymous_12)","decl":{"start":{"line":126,"column":34},"end":{"line":126,"column":35}},"loc":{"start":{"line":126,"column":47},"end":{"line":126,"column":62}},"line":126}},"branchMap":{"0":{"loc":{"start":{"line":103,"column":29},"end":{"line":103,"column":49}},"type":"default-arg","locations":[{"start":{"line":103,"column":37},"end":{"line":103,"column":49}}],"line":103},"1":{"loc":{"start":{"line":104,"column":2},"end":{"line":135,"column":3}},"type":"switch","locations":[{"start":{"line":105,"column":4},"end":{"line":109,"column":8}},{"start":{"line":110,"column":4},"end":{"line":115,"column":8}},{"start":{"line":116,"column":4},"end":{"line":122,"column":7}},{"start":{"line":123,"column":4},"end":{"line":127,"column":8}},{"start":{"line":128,"column":4},"end":{"line":132,"column":8}},{"start":{"line":133,"column":4},"end":{"line":134,"column":19}}],"line":104},"2":{"loc":{"start":{"line":120,"column":17},"end":{"line":120,"column":58}},"type":"cond-expr","locations":[{"start":{"line":120,"column":44},"end":{"line":120,"column":51}},{"start":{"line":120,"column":54},"end":{"line":120,"column":58}}],"line":120}},"s":{"0":2,"1":2,"2":2,"3":2,"4":2,"5":2,"6":2,"7":2,"8":1,"9":1,"10":1,"11":1,"12":1,"13":1,"14":1,"15":1,"16":1,"17":0,"18":0,"19":0,"20":0,"21":0,"22":0,"23":2,"24":2,"25":1,"26":0,"27":0,"28":0,"29":0,"30":0,"31":0,"32":1},"f":{"0":2,"1":2,"2":1,"3":1,"4":1,"5":1,"6":0,"7":0,"8":0,"9":0,"10":2,"11":0,"12":0},"b":{"0":[2],"1":[1,0,0,0,0,1],"2":[0,0]},"_coverageSchema":"43e27e138ebf9cfc5966b082cf9a028302ed4184","hash":"db71c788d4bcb15447f965e1a42ab89bda943277"}
,"/Users/simonhoyos/Documents/makeitreal/top/top-v7/testing/tasks/frontend/src/store/usersReducer.js": {"path":"/Users/simonhoyos/Documents/makeitreal/top/top-v7/testing/tasks/frontend/src/store/usersReducer.js","statementMap":{"0":{"start":{"line":4,"column":28},"end":{"line":4,"column":42}},"1":{"start":{"line":5,"column":31},"end":{"line":5,"column":48}},"2":{"start":{"line":7,"column":18},"end":{"line":10,"column":1}},"3":{"start":{"line":13,"column":2},"end":{"line":18,"column":3}},"4":{"start":{"line":14,"column":4},"end":{"line":17,"column":7}},"5":{"start":{"line":22,"column":2},"end":{"line":39,"column":3}},"6":{"start":{"line":23,"column":4},"end":{"line":38,"column":5}},"7":{"start":{"line":24,"column":34},"end":{"line":32,"column":8}},"8":{"start":{"line":34,"column":6},"end":{"line":34,"column":43}},"9":{"start":{"line":35,"column":6},"end":{"line":35,"column":24}},"10":{"start":{"line":37,"column":6},"end":{"line":37,"column":25}},"11":{"start":{"line":43,"column":2},"end":{"line":60,"column":3}},"12":{"start":{"line":44,"column":4},"end":{"line":59,"column":5}},"13":{"start":{"line":45,"column":33},"end":{"line":53,"column":8}},"14":{"start":{"line":55,"column":6},"end":{"line":55,"column":43}},"15":{"start":{"line":56,"column":6},"end":{"line":56,"column":24}},"16":{"start":{"line":58,"column":6},"end":{"line":58,"column":25}},"17":{"start":{"line":63,"column":21},"end":{"line":66,"column":1}},"18":{"start":{"line":69,"column":2},"end":{"line":82,"column":3}},"19":{"start":{"line":71,"column":6},"end":{"line":74,"column":8}},"20":{"start":{"line":76,"column":6},"end":{"line":79,"column":8}},"21":{"start":{"line":81,"column":6},"end":{"line":81,"column":19}}},"fnMap":{"0":{"name":"handleChange","decl":{"start":{"line":12,"column":16},"end":{"line":12,"column":28}},"loc":{"start":{"line":12,"column":58},"end":{"line":19,"column":1}},"line":12},"1":{"name":"(anonymous_1)","decl":{"start":{"line":13,"column":9},"end":{"line":13,"column":10}},"loc":{"start":{"line":13,"column":29},"end":{"line":18,"column":3}},"line":13},"2":{"name":"signup","decl":{"start":{"line":21,"column":16},"end":{"line":21,"column":22}},"loc":{"start":{"line":21,"column":29},"end":{"line":40,"column":1}},"line":21},"3":{"name":"(anonymous_3)","decl":{"start":{"line":22,"column":9},"end":{"line":22,"column":10}},"loc":{"start":{"line":22,"column":35},"end":{"line":39,"column":3}},"line":22},"4":{"name":"signin","decl":{"start":{"line":42,"column":16},"end":{"line":42,"column":22}},"loc":{"start":{"line":42,"column":29},"end":{"line":61,"column":1}},"line":42},"5":{"name":"(anonymous_5)","decl":{"start":{"line":43,"column":9},"end":{"line":43,"column":10}},"loc":{"start":{"line":43,"column":35},"end":{"line":60,"column":3}},"line":43},"6":{"name":"usersReducer","decl":{"start":{"line":68,"column":16},"end":{"line":68,"column":28}},"loc":{"start":{"line":68,"column":70},"end":{"line":83,"column":1}},"line":68}},"branchMap":{"0":{"loc":{"start":{"line":68,"column":29},"end":{"line":68,"column":49}},"type":"default-arg","locations":[{"start":{"line":68,"column":37},"end":{"line":68,"column":49}}],"line":68},"1":{"loc":{"start":{"line":69,"column":2},"end":{"line":82,"column":3}},"type":"switch","locations":[{"start":{"line":70,"column":4},"end":{"line":74,"column":8}},{"start":{"line":75,"column":4},"end":{"line":79,"column":8}},{"start":{"line":80,"column":4},"end":{"line":81,"column":19}}],"line":69}},"s":{"0":0,"1":0,"2":0,"3":0,"4":0,"5":0,"6":0,"7":0,"8":0,"9":0,"10":0,"11":0,"12":0,"13":0,"14":0,"15":0,"16":0,"17":0,"18":0,"19":0,"20":0,"21":0},"f":{"0":0,"1":0,"2":0,"3":0,"4":0,"5":0,"6":0},"b":{"0":[0],"1":[0,0,0]},"hash":"8b722ba8c0dbab33da7558d2f06f2f0efd285847"}
,"/Users/simonhoyos/Documents/makeitreal/top/top-v7/testing/tasks/frontend/src/utils/history.js": {"path":"/Users/simonhoyos/Documents/makeitreal/top/top-v7/testing/tasks/frontend/src/utils/history.js","statementMap":{"0":{"start":{"line":3,"column":23},"end":{"line":3,"column":45}}},"fnMap":{},"branchMap":{},"s":{"0":0},"f":{},"b":{},"hash":"884fef470299597fa57991d4cf4dc165574b8890"}
}
