{"/Users/simonhoyos/Documents/makeitreal/top/top-v7/testing/tasks/backend/src/app.js": {"path":"/Users/simonhoyos/Documents/makeitreal/top/top-v7/testing/tasks/backend/src/app.js","statementMap":{"0":{"start":{"line":1,"column":0},"end":{"line":1,"column":27}},"1":{"start":{"line":2,"column":16},"end":{"line":2,"column":34}},"2":{"start":{"line":3,"column":13},"end":{"line":3,"column":28}},"3":{"start":{"line":4,"column":15},"end":{"line":4,"column":32}},"4":{"start":{"line":5,"column":19},"end":{"line":5,"column":43}},"5":{"start":{"line":6,"column":19},"end":{"line":6,"column":43}},"6":{"start":{"line":8,"column":12},"end":{"line":8,"column":21}},"7":{"start":{"line":10,"column":0},"end":{"line":10,"column":24}},"8":{"start":{"line":11,"column":0},"end":{"line":11,"column":16}},"9":{"start":{"line":12,"column":0},"end":{"line":12,"column":23}},"10":{"start":{"line":14,"column":0},"end":{"line":14,"column":30}},"11":{"start":{"line":15,"column":0},"end":{"line":15,"column":30}},"12":{"start":{"line":17,"column":0},"end":{"line":19,"column":2}},"13":{"start":{"line":18,"column":2},"end":{"line":18,"column":37}},"14":{"start":{"line":21,"column":0},"end":{"line":21,"column":20}}},"fnMap":{"0":{"name":"(anonymous_0)","decl":{"start":{"line":17,"column":13},"end":{"line":17,"column":14}},"loc":{"start":{"line":17,"column":26},"end":{"line":19,"column":1}},"line":17}},"branchMap":{},"s":{"0":2,"1":2,"2":2,"3":2,"4":2,"5":2,"6":2,"7":2,"8":2,"9":2,"10":2,"11":2,"12":2,"13":1,"14":2},"f":{"0":1},"b":{},"_coverageSchema":"1a1c01bbd47fc00a2c39e90264f33305004495a9","hash":"ed48f9c22661531c1cb0c7f1ab9263816d5cd200"}
,"/Users/simonhoyos/Documents/makeitreal/top/top-v7/testing/tasks/backend/src/db.js": {"path":"/Users/simonhoyos/Documents/makeitreal/top/top-v7/testing/tasks/backend/src/db.js","statementMap":{"0":{"start":{"line":1,"column":17},"end":{"line":1,"column":36}},"1":{"start":{"line":6,"column":2},"end":{"line":6,"column":24}},"2":{"start":{"line":6,"column":17},"end":{"line":6,"column":24}},"3":{"start":{"line":8,"column":14},"end":{"line":8,"column":72}},"4":{"start":{"line":10,"column":18},"end":{"line":13,"column":3}},"5":{"start":{"line":15,"column":2},"end":{"line":15,"column":35}},"6":{"start":{"line":16,"column":2},"end":{"line":16,"column":84}},"7":{"start":{"line":16,"column":32},"end":{"line":16,"column":82}},"8":{"start":{"line":17,"column":2},"end":{"line":17,"column":80}},"9":{"start":{"line":17,"column":38},"end":{"line":17,"column":78}},"10":{"start":{"line":18,"column":2},"end":{"line":18,"column":75}},"11":{"start":{"line":18,"column":32},"end":{"line":18,"column":73}},"12":{"start":{"line":20,"column":2},"end":{"line":20,"column":39}},"13":{"start":{"line":24,"column":2},"end":{"line":24,"column":25}},"14":{"start":{"line":24,"column":18},"end":{"line":24,"column":25}},"15":{"start":{"line":26,"column":2},"end":{"line":26,"column":30}},"16":{"start":{"line":30,"column":2},"end":{"line":32,"column":3}},"17":{"start":{"line":31,"column":4},"end":{"line":31,"column":59}},"18":{"start":{"line":35,"column":0},"end":{"line":39,"column":2}}},"fnMap":{"0":{"name":"connect","decl":{"start":{"line":5,"column":15},"end":{"line":5,"column":22}},"loc":{"start":{"line":5,"column":25},"end":{"line":21,"column":1}},"line":5},"1":{"name":"(anonymous_1)","decl":{"start":{"line":16,"column":26},"end":{"line":16,"column":27}},"loc":{"start":{"line":16,"column":32},"end":{"line":16,"column":82}},"line":16},"2":{"name":"(anonymous_2)","decl":{"start":{"line":17,"column":32},"end":{"line":17,"column":33}},"loc":{"start":{"line":17,"column":38},"end":{"line":17,"column":78}},"line":17},"3":{"name":"(anonymous_3)","decl":{"start":{"line":18,"column":25},"end":{"line":18,"column":26}},"loc":{"start":{"line":18,"column":32},"end":{"line":18,"column":73}},"line":18},"4":{"name":"disconnect","decl":{"start":{"line":23,"column":15},"end":{"line":23,"column":25}},"loc":{"start":{"line":23,"column":28},"end":{"line":27,"column":1}},"line":23},"5":{"name":"cleanup","decl":{"start":{"line":29,"column":15},"end":{"line":29,"column":22}},"loc":{"start":{"line":29,"column":25},"end":{"line":33,"column":1}},"line":29}},"branchMap":{"0":{"loc":{"start":{"line":6,"column":2},"end":{"line":6,"column":24}},"type":"if","locations":[{"start":{"line":6,"column":2},"end":{"line":6,"column":24}},{"start":{"line":6,"column":2},"end":{"line":6,"column":24}}],"line":6},"1":{"loc":{"start":{"line":8,"column":14},"end":{"line":8,"column":72}},"type":"binary-expr","locations":[{"start":{"line":8,"column":14},"end":{"line":8,"column":35}},{"start":{"line":8,"column":39},"end":{"line":8,"column":72}}],"line":8},"2":{"loc":{"start":{"line":24,"column":2},"end":{"line":24,"column":25}},"type":"if","locations":[{"start":{"line":24,"column":2},"end":{"line":24,"column":25}},{"start":{"line":24,"column":2},"end":{"line":24,"column":25}}],"line":24}},"s":{"0":2,"1":2,"2":0,"3":2,"4":2,"5":2,"6":2,"7":2,"8":2,"9":2,"10":2,"11":0,"12":2,"13":2,"14":0,"15":2,"16":8,"17":16,"18":2},"f":{"0":2,"1":2,"2":2,"3":0,"4":2,"5":8},"b":{"0":[0,2],"1":[2,0],"2":[0,2]},"_coverageSchema":"1a1c01bbd47fc00a2c39e90264f33305004495a9","hash":"5768d957182117e7aacf2eec756e0e3a274ad3b2"}
,"/Users/simonhoyos/Documents/makeitreal/top/top-v7/testing/tasks/backend/src/controllers/task.controller.js": {"path":"/Users/simonhoyos/Documents/makeitreal/top/top-v7/testing/tasks/backend/src/controllers/task.controller.js","statementMap":{"0":{"start":{"line":1,"column":13},"end":{"line":1,"column":44}},"1":{"start":{"line":3,"column":0},"end":{"line":60,"column":1}},"2":{"start":{"line":5,"column":4},"end":{"line":12,"column":5}},"3":{"start":{"line":6,"column":23},"end":{"line":6,"column":26}},"4":{"start":{"line":7,"column":20},"end":{"line":7,"column":45}},"5":{"start":{"line":9,"column":6},"end":{"line":9,"column":34}},"6":{"start":{"line":11,"column":6},"end":{"line":11,"column":55}},"7":{"start":{"line":15,"column":4},"end":{"line":22,"column":5}},"8":{"start":{"line":16,"column":29},"end":{"line":16,"column":32}},"9":{"start":{"line":17,"column":19},"end":{"line":17,"column":55}},"10":{"start":{"line":19,"column":6},"end":{"line":19,"column":33}},"11":{"start":{"line":21,"column":6},"end":{"line":21,"column":55}},"12":{"start":{"line":25,"column":4},"end":{"line":32,"column":5}},"13":{"start":{"line":26,"column":39},"end":{"line":26,"column":42}},"14":{"start":{"line":27,"column":19},"end":{"line":27,"column":56}},"15":{"start":{"line":29,"column":6},"end":{"line":29,"column":33}},"16":{"start":{"line":31,"column":6},"end":{"line":31,"column":55}},"17":{"start":{"line":35,"column":4},"end":{"line":48,"column":5}},"18":{"start":{"line":36,"column":39},"end":{"line":36,"column":42}},"19":{"start":{"line":38,"column":19},"end":{"line":38,"column":56}},"20":{"start":{"line":40,"column":6},"end":{"line":40,"column":50}},"21":{"start":{"line":40,"column":16},"end":{"line":40,"column":50}},"22":{"start":{"line":42,"column":6},"end":{"line":42,"column":29}},"23":{"start":{"line":43,"column":6},"end":{"line":43,"column":24}},"24":{"start":{"line":45,"column":6},"end":{"line":45,"column":33}},"25":{"start":{"line":47,"column":6},"end":{"line":47,"column":55}},"26":{"start":{"line":51,"column":4},"end":{"line":58,"column":5}},"27":{"start":{"line":52,"column":39},"end":{"line":52,"column":42}},"28":{"start":{"line":53,"column":19},"end":{"line":53,"column":58}},"29":{"start":{"line":55,"column":6},"end":{"line":55,"column":54}},"30":{"start":{"line":57,"column":6},"end":{"line":57,"column":55}}},"fnMap":{"0":{"name":"(anonymous_0)","decl":{"start":{"line":4,"column":2},"end":{"line":4,"column":3}},"loc":{"start":{"line":4,"column":23},"end":{"line":13,"column":3}},"line":4},"1":{"name":"(anonymous_1)","decl":{"start":{"line":14,"column":2},"end":{"line":14,"column":3}},"loc":{"start":{"line":14,"column":25},"end":{"line":23,"column":3}},"line":14},"2":{"name":"(anonymous_2)","decl":{"start":{"line":24,"column":2},"end":{"line":24,"column":3}},"loc":{"start":{"line":24,"column":23},"end":{"line":33,"column":3}},"line":24},"3":{"name":"(anonymous_3)","decl":{"start":{"line":34,"column":2},"end":{"line":34,"column":3}},"loc":{"start":{"line":34,"column":25},"end":{"line":49,"column":3}},"line":34},"4":{"name":"(anonymous_4)","decl":{"start":{"line":50,"column":2},"end":{"line":50,"column":3}},"loc":{"start":{"line":50,"column":25},"end":{"line":59,"column":3}},"line":50}},"branchMap":{"0":{"loc":{"start":{"line":40,"column":6},"end":{"line":40,"column":50}},"type":"if","locations":[{"start":{"line":40,"column":6},"end":{"line":40,"column":50}},{"start":{"line":40,"column":6},"end":{"line":40,"column":50}}],"line":40}},"s":{"0":2,"1":2,"2":0,"3":0,"4":0,"5":0,"6":0,"7":0,"8":0,"9":0,"10":0,"11":0,"12":0,"13":0,"14":0,"15":0,"16":0,"17":0,"18":0,"19":0,"20":0,"21":0,"22":0,"23":0,"24":0,"25":0,"26":0,"27":0,"28":0,"29":0,"30":0},"f":{"0":0,"1":0,"2":0,"3":0,"4":0},"b":{"0":[0,0]},"_coverageSchema":"1a1c01bbd47fc00a2c39e90264f33305004495a9","hash":"ebd833d89ba48d66da28ea933d50db8f3f597503"}
,"/Users/simonhoyos/Documents/makeitreal/top/top-v7/testing/tasks/backend/src/controllers/user.controller.js": {"path":"/Users/simonhoyos/Documents/makeitreal/top/top-v7/testing/tasks/backend/src/controllers/user.controller.js","statementMap":{"0":{"start":{"line":1,"column":12},"end":{"line":1,"column":35}},"1":{"start":{"line":2,"column":13},"end":{"line":2,"column":44}},"2":{"start":{"line":3,"column":15},"end":{"line":3,"column":34}},"3":{"start":{"line":5,"column":0},"end":{"line":46,"column":1}},"4":{"start":{"line":7,"column":4},"end":{"line":19,"column":5}},"5":{"start":{"line":8,"column":19},"end":{"line":8,"column":46}},"6":{"start":{"line":10,"column":20},"end":{"line":14,"column":7}},"7":{"start":{"line":16,"column":6},"end":{"line":16,"column":38}},"8":{"start":{"line":18,"column":6},"end":{"line":18,"column":34}},"9":{"start":{"line":22,"column":4},"end":{"line":44,"column":5}},"10":{"start":{"line":23,"column":19},"end":{"line":23,"column":64}},"11":{"start":{"line":25,"column":6},"end":{"line":27,"column":7}},"12":{"start":{"line":26,"column":8},"end":{"line":26,"column":49}},"13":{"start":{"line":29,"column":22},"end":{"line":29,"column":76}},"14":{"start":{"line":31,"column":6},"end":{"line":33,"column":7}},"15":{"start":{"line":32,"column":8},"end":{"line":32,"column":49}},"16":{"start":{"line":35,"column":20},"end":{"line":39,"column":7}},"17":{"start":{"line":41,"column":6},"end":{"line":41,"column":38}},"18":{"start":{"line":43,"column":6},"end":{"line":43,"column":55}}},"fnMap":{"0":{"name":"(anonymous_0)","decl":{"start":{"line":6,"column":2},"end":{"line":6,"column":3}},"loc":{"start":{"line":6,"column":25},"end":{"line":20,"column":3}},"line":6},"1":{"name":"(anonymous_1)","decl":{"start":{"line":21,"column":2},"end":{"line":21,"column":3}},"loc":{"start":{"line":21,"column":25},"end":{"line":45,"column":3}},"line":21}},"branchMap":{"0":{"loc":{"start":{"line":25,"column":6},"end":{"line":27,"column":7}},"type":"if","locations":[{"start":{"line":25,"column":6},"end":{"line":27,"column":7}},{"start":{"line":25,"column":6},"end":{"line":27,"column":7}}],"line":25},"1":{"loc":{"start":{"line":31,"column":6},"end":{"line":33,"column":7}},"type":"if","locations":[{"start":{"line":31,"column":6},"end":{"line":33,"column":7}},{"start":{"line":31,"column":6},"end":{"line":33,"column":7}}],"line":31}},"s":{"0":2,"1":2,"2":2,"3":2,"4":4,"5":4,"6":1,"7":1,"8":3,"9":3,"10":3,"11":3,"12":1,"13":2,"14":2,"15":1,"16":1,"17":1,"18":2},"f":{"0":4,"1":3},"b":{"0":[1,2],"1":[1,1]},"_coverageSchema":"1a1c01bbd47fc00a2c39e90264f33305004495a9","hash":"b0d44d5a27903b4d3d128f7102b691c0ab90919f"}
,"/Users/simonhoyos/Documents/makeitreal/top/top-v7/testing/tasks/backend/src/models/task.model.js": {"path":"/Users/simonhoyos/Documents/makeitreal/top/top-v7/testing/tasks/backend/src/models/task.model.js","statementMap":{"0":{"start":{"line":1,"column":34},"end":{"line":1,"column":53}},"1":{"start":{"line":3,"column":19},"end":{"line":19,"column":2}},"2":{"start":{"line":21,"column":0},"end":{"line":27,"column":3}},"3":{"start":{"line":22,"column":2},"end":{"line":26,"column":3}},"4":{"start":{"line":23,"column":17},"end":{"line":23,"column":54}},"5":{"start":{"line":24,"column":4},"end":{"line":24,"column":26}},"6":{"start":{"line":25,"column":4},"end":{"line":25,"column":51}},"7":{"start":{"line":29,"column":13},"end":{"line":29,"column":38}},"8":{"start":{"line":31,"column":0},"end":{"line":31,"column":22}}},"fnMap":{"0":{"name":"(anonymous_0)","decl":{"start":{"line":21,"column":23},"end":{"line":21,"column":24}},"loc":{"start":{"line":21,"column":40},"end":{"line":27,"column":1}},"line":21}},"branchMap":{"0":{"loc":{"start":{"line":22,"column":2},"end":{"line":26,"column":3}},"type":"if","locations":[{"start":{"line":22,"column":2},"end":{"line":26,"column":3}},{"start":{"line":22,"column":2},"end":{"line":26,"column":3}}],"line":22},"1":{"loc":{"start":{"line":22,"column":5},"end":{"line":22,"column":41}},"type":"binary-expr","locations":[{"start":{"line":22,"column":5},"end":{"line":22,"column":14}},{"start":{"line":22,"column":18},"end":{"line":22,"column":41}}],"line":22}},"s":{"0":2,"1":2,"2":2,"3":0,"4":0,"5":0,"6":0,"7":2,"8":2},"f":{"0":0},"b":{"0":[0,0],"1":[0,0]},"_coverageSchema":"1a1c01bbd47fc00a2c39e90264f33305004495a9","hash":"18771d42010a942ed2b5dbc3c0e6d31f91afff55"}
,"/Users/simonhoyos/Documents/makeitreal/top/top-v7/testing/tasks/backend/src/models/user.model.js": {"path":"/Users/simonhoyos/Documents/makeitreal/top/top-v7/testing/tasks/backend/src/models/user.model.js","statementMap":{"0":{"start":{"line":1,"column":34},"end":{"line":1,"column":53}},"1":{"start":{"line":2,"column":15},"end":{"line":2,"column":34}},"2":{"start":{"line":3,"column":19},"end":{"line":3,"column":53}},"3":{"start":{"line":5,"column":19},"end":{"line":26,"column":2}},"4":{"start":{"line":12,"column":21},"end":{"line":12,"column":57}},"5":{"start":{"line":13,"column":8},"end":{"line":13,"column":20}},"6":{"start":{"line":28,"column":0},"end":{"line":32,"column":3}},"7":{"start":{"line":29,"column":2},"end":{"line":31,"column":3}},"8":{"start":{"line":30,"column":4},"end":{"line":30,"column":56}},"9":{"start":{"line":34,"column":13},"end":{"line":34,"column":38}},"10":{"start":{"line":36,"column":0},"end":{"line":36,"column":22}}},"fnMap":{"0":{"name":"(anonymous_0)","decl":{"start":{"line":11,"column":6},"end":{"line":11,"column":7}},"loc":{"start":{"line":11,"column":29},"end":{"line":14,"column":7}},"line":11},"1":{"name":"(anonymous_1)","decl":{"start":{"line":28,"column":23},"end":{"line":28,"column":24}},"loc":{"start":{"line":28,"column":40},"end":{"line":32,"column":1}},"line":28}},"branchMap":{"0":{"loc":{"start":{"line":29,"column":2},"end":{"line":31,"column":3}},"type":"if","locations":[{"start":{"line":29,"column":2},"end":{"line":31,"column":3}},{"start":{"line":29,"column":2},"end":{"line":31,"column":3}}],"line":29},"1":{"loc":{"start":{"line":29,"column":5},"end":{"line":29,"column":49}},"type":"binary-expr","locations":[{"start":{"line":29,"column":5},"end":{"line":29,"column":18}},{"start":{"line":29,"column":22},"end":{"line":29,"column":49}}],"line":29}},"s":{"0":2,"1":2,"2":2,"3":2,"4":5,"5":5,"6":2,"7":4,"8":4,"9":2,"10":2},"f":{"0":5,"1":4},"b":{"0":[4,0],"1":[4,4]},"_coverageSchema":"1a1c01bbd47fc00a2c39e90264f33305004495a9","hash":"c0c6adfe338106cb22703fb6fbb1467cef116ef5"}
,"/Users/simonhoyos/Documents/makeitreal/top/top-v7/testing/tasks/backend/src/routes/task.js": {"path":"/Users/simonhoyos/Documents/makeitreal/top/top-v7/testing/tasks/backend/src/routes/task.js","statementMap":{"0":{"start":{"line":1,"column":15},"end":{"line":1,"column":42}},"1":{"start":{"line":2,"column":23},"end":{"line":2,"column":64}},"2":{"start":{"line":3,"column":17},"end":{"line":3,"column":48}},"3":{"start":{"line":5,"column":0},"end":{"line":5,"column":17}},"4":{"start":{"line":6,"column":0},"end":{"line":6,"column":43}},"5":{"start":{"line":7,"column":0},"end":{"line":7,"column":46}},"6":{"start":{"line":8,"column":0},"end":{"line":8,"column":46}},"7":{"start":{"line":9,"column":0},"end":{"line":9,"column":48}},"8":{"start":{"line":10,"column":0},"end":{"line":10,"column":51}},"9":{"start":{"line":12,"column":0},"end":{"line":12,"column":24}}},"fnMap":{},"branchMap":{},"s":{"0":2,"1":2,"2":2,"3":2,"4":2,"5":2,"6":2,"7":2,"8":2,"9":2},"f":{},"b":{},"_coverageSchema":"1a1c01bbd47fc00a2c39e90264f33305004495a9","hash":"cfaa6f0bcf5d8ecb20a472f71618a266a5719584"}
,"/Users/simonhoyos/Documents/makeitreal/top/top-v7/testing/tasks/backend/src/routes/user.js": {"path":"/Users/simonhoyos/Documents/makeitreal/top/top-v7/testing/tasks/backend/src/routes/user.js","statementMap":{"0":{"start":{"line":1,"column":15},"end":{"line":1,"column":42}},"1":{"start":{"line":2,"column":23},"end":{"line":2,"column":64}},"2":{"start":{"line":4,"column":0},"end":{"line":4,"column":52}},"3":{"start":{"line":5,"column":0},"end":{"line":5,"column":52}},"4":{"start":{"line":7,"column":0},"end":{"line":7,"column":24}}},"fnMap":{},"branchMap":{},"s":{"0":2,"1":2,"2":2,"3":2,"4":2},"f":{},"b":{},"_coverageSchema":"1a1c01bbd47fc00a2c39e90264f33305004495a9","hash":"6225dd9d59740e315144e16e234702d2a39a0edb"}
,"/Users/simonhoyos/Documents/makeitreal/top/top-v7/testing/tasks/backend/src/utils/middlewares.js": {"path":"/Users/simonhoyos/Documents/makeitreal/top/top-v7/testing/tasks/backend/src/utils/middlewares.js","statementMap":{"0":{"start":{"line":1,"column":12},"end":{"line":1,"column":35}},"1":{"start":{"line":3,"column":0},"end":{"line":26,"column":1}},"2":{"start":{"line":5,"column":4},"end":{"line":24,"column":5}},"3":{"start":{"line":6,"column":28},"end":{"line":6,"column":53}},"4":{"start":{"line":8,"column":6},"end":{"line":10,"column":7}},"5":{"start":{"line":9,"column":8},"end":{"line":9,"column":48}},"6":{"start":{"line":12,"column":20},"end":{"line":12,"column":56}},"7":{"start":{"line":14,"column":6},"end":{"line":16,"column":7}},"8":{"start":{"line":15,"column":8},"end":{"line":15,"column":48}},"9":{"start":{"line":18,"column":21},"end":{"line":18,"column":58}},"10":{"start":{"line":20,"column":6},"end":{"line":20,"column":20}},"11":{"start":{"line":21,"column":6},"end":{"line":21,"column":13}},"12":{"start":{"line":23,"column":6},"end":{"line":23,"column":55}}},"fnMap":{"0":{"name":"(anonymous_0)","decl":{"start":{"line":4,"column":2},"end":{"line":4,"column":3}},"loc":{"start":{"line":4,"column":29},"end":{"line":25,"column":3}},"line":4}},"branchMap":{"0":{"loc":{"start":{"line":8,"column":6},"end":{"line":10,"column":7}},"type":"if","locations":[{"start":{"line":8,"column":6},"end":{"line":10,"column":7}},{"start":{"line":8,"column":6},"end":{"line":10,"column":7}}],"line":8},"1":{"loc":{"start":{"line":14,"column":6},"end":{"line":16,"column":7}},"type":"if","locations":[{"start":{"line":14,"column":6},"end":{"line":16,"column":7}},{"start":{"line":14,"column":6},"end":{"line":16,"column":7}}],"line":14}},"s":{"0":2,"1":2,"2":0,"3":0,"4":0,"5":0,"6":0,"7":0,"8":0,"9":0,"10":0,"11":0,"12":0},"f":{"0":0},"b":{"0":[0,0],"1":[0,0]},"_coverageSchema":"1a1c01bbd47fc00a2c39e90264f33305004495a9","hash":"6ddbb835aa8273057b480f503eecd285fff77c66"}
}
