TN:
SF:src/app.js
FN:17,(anonymous_0)
FNF:1
FNH:1
FNDA:1,(anonymous_0)
DA:1,2
DA:2,2
DA:3,2
DA:4,2
DA:5,2
DA:6,2
DA:8,2
DA:10,2
DA:11,2
DA:12,2
DA:14,2
DA:15,2
DA:17,2
DA:18,1
DA:21,2
LF:15
LH:15
BRF:0
BRH:0
end_of_record
TN:
SF:src/db.js
FN:5,connect
FN:16,(anonymous_1)
FN:17,(anonymous_2)
FN:18,(anonymous_3)
FN:23,disconnect
FN:29,cleanup
FNF:6
FNH:5
FNDA:2,connect
FNDA:2,(anonymous_1)
FNDA:2,(anonymous_2)
FNDA:0,(anonymous_3)
FNDA:2,disconnect
FNDA:8,cleanup
DA:1,2
DA:6,2
DA:8,2
DA:10,2
DA:15,2
DA:16,2
DA:17,2
DA:18,2
DA:20,2
DA:24,2
DA:26,2
DA:30,8
DA:31,16
DA:35,2
LF:14
LH:14
BRDA:6,0,0,0
BRDA:6,0,1,2
BRDA:8,1,0,2
BRDA:8,1,1,0
BRDA:24,2,0,0
BRDA:24,2,1,2
BRF:6
BRH:3
end_of_record
TN:
SF:src/controllers/task.controller.js
FN:4,(anonymous_0)
FN:14,(anonymous_1)
FN:24,(anonymous_2)
FN:34,(anonymous_3)
FN:50,(anonymous_4)
FNF:5
FNH:0
FNDA:0,(anonymous_0)
FNDA:0,(anonymous_1)
FNDA:0,(anonymous_2)
FNDA:0,(anonymous_3)
FNDA:0,(anonymous_4)
DA:1,2
DA:3,2
DA:5,0
DA:6,0
DA:7,0
DA:9,0
DA:11,0
DA:15,0
DA:16,0
DA:17,0
DA:19,0
DA:21,0
DA:25,0
DA:26,0
DA:27,0
DA:29,0
DA:31,0
DA:35,0
DA:36,0
DA:38,0
DA:40,0
DA:42,0
DA:43,0
DA:45,0
DA:47,0
DA:51,0
DA:52,0
DA:53,0
DA:55,0
DA:57,0
LF:30
LH:2
BRDA:40,0,0,0
BRDA:40,0,1,0
BRF:2
BRH:0
end_of_record
TN:
SF:src/controllers/user.controller.js
FN:6,(anonymous_0)
FN:21,(anonymous_1)
FNF:2
FNH:2
FNDA:4,(anonymous_0)
FNDA:3,(anonymous_1)
DA:1,2
DA:2,2
DA:3,2
DA:5,2
DA:7,4
DA:8,4
DA:10,1
DA:16,1
DA:18,3
DA:22,3
DA:23,3
DA:25,3
DA:26,1
DA:29,2
DA:31,2
DA:32,1
DA:35,1
DA:41,1
DA:43,2
LF:19
LH:19
BRDA:25,0,0,1
BRDA:25,0,1,2
BRDA:31,1,0,1
BRDA:31,1,1,1
BRF:4
BRH:4
end_of_record
TN:
SF:src/models/task.model.js
FN:21,(anonymous_0)
FNF:1
FNH:0
FNDA:0,(anonymous_0)
DA:1,2
DA:3,2
DA:21,2
DA:22,0
DA:23,0
DA:24,0
DA:25,0
DA:29,2
DA:31,2
LF:9
LH:5
BRDA:22,0,0,0
BRDA:22,0,1,0
BRDA:22,1,0,0
BRDA:22,1,1,0
BRF:4
BRH:0
end_of_record
TN:
SF:src/models/user.model.js
FN:11,(anonymous_0)
FN:28,(anonymous_1)
FNF:2
FNH:2
FNDA:5,(anonymous_0)
FNDA:4,(anonymous_1)
DA:1,2
DA:2,2
DA:3,2
DA:5,2
DA:12,5
DA:13,5
DA:28,2
DA:29,4
DA:30,4
DA:34,2
DA:36,2
LF:11
LH:11
BRDA:29,0,0,4
BRDA:29,0,1,0
BRDA:29,1,0,4
BRDA:29,1,1,4
BRF:4
BRH:3
end_of_record
TN:
SF:src/routes/task.js
FNF:0
FNH:0
DA:1,2
DA:2,2
DA:3,2
DA:5,2
DA:6,2
DA:7,2
DA:8,2
DA:9,2
DA:10,2
DA:12,2
LF:10
LH:10
BRF:0
BRH:0
end_of_record
TN:
SF:src/routes/user.js
FNF:0
FNH:0
DA:1,2
DA:2,2
DA:4,2
DA:5,2
DA:7,2
LF:5
LH:5
BRF:0
BRH:0
end_of_record
TN:
SF:src/utils/middlewares.js
FN:4,(anonymous_0)
FNF:1
FNH:0
FNDA:0,(anonymous_0)
DA:1,2
DA:3,2
DA:5,0
DA:6,0
DA:8,0
DA:9,0
DA:12,0
DA:14,0
DA:15,0
DA:18,0
DA:20,0
DA:21,0
DA:23,0
LF:13
LH:2
BRDA:8,0,0,0
BRDA:8,0,1,0
BRDA:14,1,0,0
BRDA:14,1,1,0
BRF:4
BRH:0
end_of_record
